# Generated color_code circuit.
# task: memory_xyz
# rounds: 2
# distance: 3
# before_round_data_depolarization: 0
# before_measure_flip_probability: 0
# after_reset_flip_probability: 0
# after_clifford_depolarization: 0
# layout:
#          d9
#       d7    R8
#    B4    d5    d6
# L0    L1    G2    L3
# Legend:
#     d# = data qubit
#     L# = data qubit with logical observable crossing
#     R# = measurement qubit (red hex)
#     G# = measurement qubit (green hex)
#     B# = measurement qubit (blue hex)
QUBIT_COORDS(0, 0) 0
QUBIT_COORDS(1, 0) 1
QUBIT_COORDS(2, 0) 2
QUBIT_COORDS(3, 0) 3
QUBIT_COORDS(0.5, 1) 4
QUBIT_COORDS(1.5, 1) 5
QUBIT_COORDS(2.5, 1) 6
QUBIT_COORDS(1, 2) 7
QUBIT_COORDS(2, 2) 8
QUBIT_COORDS(1.5, 3) 9
R 0 1 2 3 4 5 6 7 8 9
REPEAT 2 {
    TICK
    C_XYZ 0 1 3 5 6 7 9
    TICK
    CX 5 4 3 2
    TICK
    CX 7 4 6 2
    TICK
    CX 1 4 6 8
    TICK
    CX 1 2 7 8
    TICK
    CX 5 2 9 8
    TICK
    CX 0 4 5 8
    TICK
    MR 2 4 8
}
DETECTOR(2, 0, 0) rec[-3] rec[-6]
DETECTOR(0.5, 1, 0) rec[-2] rec[-5]
DETECTOR(2, 2, 0) rec[-1] rec[-4]
MY 0 1 3 5 6 7 9
DETECTOR(2, 0, 1) rec[-3] rec[-4] rec[-5] rec[-6] rec[-10] rec[-13]
DETECTOR(0.5, 1, 1) rec[-2] rec[-4] rec[-6] rec[-7] rec[-9] rec[-12]
DETECTOR(2, 2, 1) rec[-1] rec[-2] rec[-3] rec[-4] rec[-8] rec[-11]
OBSERVABLE_INCLUDE(0) rec[-5] rec[-6] rec[-7]
