# Generated surface_code circuit.
# task: rotated_memory_x
# rounds: 1
# distance: 2
# before_round_data_depolarization: 0
# before_measure_flip_probability: 0
# after_reset_flip_probability: 0
# after_clifford_depolarization: 0
# layout:
#         X12
#     L6      d8 
#         Z7 
#     L1      d3 
#         X2 
# Legend:
#     d# = data qubit
#     L# = data qubit with logical observable crossing
#     X# = measurement qubit (X stabilizer)
#     Z# = measurement qubit (Z stabilizer)
QUBIT_COORDS(1, 1) 1
QUBIT_COORDS(2, 0) 2
QUBIT_COORDS(3, 1) 3
QUBIT_COORDS(1, 3) 6
QUBIT_COORDS(2, 2) 7
QUBIT_COORDS(3, 3) 8
QUBIT_COORDS(2, 4) 12
RX 1 3 6 8
R 2 7 12
TICK
H 2 12
TICK
CX 2 3 8 7
TICK
CX 2 1 3 7
TICK
CX 12 8 6 7
TICK
CX 12 6 1 7
TICK
H 2 12
TICK
MR 2 7 12
DETECTOR(2, 0, 0) rec[-3]
DETECTOR(2, 4, 0) rec[-1]
MX 1 3 6 8
DETECTOR(2, 0, 1) rec[-3] rec[-4] rec[-7]
DETECTOR(2, 4, 1) rec[-1] rec[-2] rec[-5]
OBSERVABLE_INCLUDE(0) rec[-2] rec[-4]
