error(0.0002667378157289137965806069541230272) D0
error(0.0002667378157289137965806069541230272) D0 D1
error(0.0002667378157289137965806069541230272) D0 D3
error(0.0005333333333331479603200975248000759) D0 D4
error(0.0002667378157289137965806069541230272) D1 D2
error(0.0005333333333331479603200975248000759) D1 D4
error(0.0005333333333331479603200975248000759) D1 D5
error(0.0002667378157289137965806069541230272) D2 D5
error(0.0002667378157289137965806069541230272) D2 L0
error(0.0002667378157289137965806069541230272) D3
error(0.0002667378157289137965806069541230272) D3 D4
error(0.0002667378157289137965806069541230272) D3 ^ D0
error(0.0002667378157289137965806069541230272) D4 D5
error(0.0002667378157289137965806069541230272) D5 L0
error(0.0002667378157289137965806069541230272) D5 L0 ^ D2 L0
detector(1, 0) D0
detector(3, 0) D1
detector(5, 0) D2
repeat 99998 {
    error(0.0002667378157289137965806069541230272) D3
    error(0.0002667378157289137965806069541230272) D3 D4
    error(0.0002667378157289137965806069541230272) D3 D6
    error(0.0005333333333331479603200975248000759) D3 D7
    error(0.0002667378157289137965806069541230272) D4 D5
    error(0.0005333333333331479603200975248000759) D4 D7
    error(0.0005333333333331479603200975248000759) D4 D8
    error(0.0002667378157289137965806069541230272) D5 D8
    error(0.0002667378157289137965806069541230272) D5 L0
    error(0.0002667378157289137965806069541230272) D6
    error(0.0002667378157289137965806069541230272) D6 D7
    error(0.0002667378157289137965806069541230272) D6 ^ D3
    error(0.0002667378157289137965806069541230272) D7 D8
    error(0.0002667378157289137965806069541230272) D8 L0
    error(0.0002667378157289137965806069541230272) D8 L0 ^ D5 L0
    shift_detectors(0, 1) 0
    detector(1, 0) D3
    detector(3, 0) D4
    detector(5, 0) D5
    shift_detectors 3
}
error(0.0002667378157289137965806069541230272) D3
error(0.0002667378157289137965806069541230272) D3 D4
error(0.0002667378157289137965806069541230272) D3 D6
error(0.0005333333333331479603200975248000759) D3 D7
error(0.0002667378157289137965806069541230272) D4 D5
error(0.0005333333333331479603200975248000759) D4 D7
error(0.0005333333333331479603200975248000759) D4 D8
error(0.0002667378157289137965806069541230272) D5 D8
error(0.0002667378157289137965806069541230272) D5 L0
error(0.0002667378157289137965806069541230272) D6
error(0.0002667378157289137965806069541230272) D6 D7
error(0.0002667378157289137965806069541230272) D6 ^ D3
error(0.0002667378157289137965806069541230272) D7 D8
error(0.0002667378157289137965806069541230272) D8 L0
error(0.0002667378157289137965806069541230272) D8 L0 ^ D5 L0
shift_detectors(0, 1) 0
detector(1, 0) D3
detector(3, 0) D4
detector(5, 0) D5
detector(1, 1) D6
detector(3, 1) D7
detector(5, 1) D8
